[22/Jun/2022:22:00:04] (I): WordPress Instance Info:
[22/Jun/2022:22:00:04] (I): Home URL : http://localhost:8888/redtransportation2
[22/Jun/2022:22:00:04] (I): Site URL : http://localhost:8888/redtransportation2
[22/Jun/2022:22:00:04] (I): WordPress Version : 6.0
[22/Jun/2022:22:00:04] (I): Onboarding Version : 1.1.22
[22/Jun/2022:22:00:04] (I): Multisite : No
[22/Jun/2022:22:00:04] (I): Server Info : Apache/2.2.34 (Unix) mod_wsgi/3.5 Python/2.7.13 PHP/7.4.2 mod_ssl/2.2.34 OpenSSL/1.0.2o DAV/2 mod_fastcgi/mod_fastcgi-SNAP-0910052141 mod_perl/2.0.11 Perl/v5.24.0
[22/Jun/2022:22:00:04] (I): PHP Version : 7.4.2
[22/Jun/2022:22:00:04] (I): HTTPS : No
[22/Jun/2022:22:00:04] (I): PHP Max Execution Time : 30
[22/Jun/2022:22:00:04] (I): PHP Max Input Vars : 1000
[22/Jun/2022:22:00:04] (I): Max Upload Size : 8388608
[22/Jun/2022:22:00:04] (I): Plugins:
[22/Jun/2022:22:00:04] (I): [PLUGIN] Gutenberg Blocks and Template Library by Otter : v2.0.5 (ThemeIsle)
[22/Jun/2022:22:00:04] (I): [PLUGIN] Templates Patterns Collection : v1.1.22 (ThemeIsle)
[22/Jun/2022:22:00:04] (I): [PLUGIN] WPForms Lite : v1.7.4.2 (WPForms)
[22/Jun/2022:22:00:04] (P): Saving remote XML
[22/Jun/2022:22:00:05] (S): Saved remote XML at path /Users/derrekawalkup/Sites/redtransportation2/wp-content/uploads/themeisle-demo-import.xml.
[22/Jun/2022:22:00:05] (P): Starting content import...
[22/Jun/2022:22:00:05] (S): Import started.
[22/Jun/2022:22:00:05] (S): Parsing XML file.
[22/Jun/2022:22:00:05] (P): Starting parsing file:/Users/derrekawalkup/Sites/redtransportation2/wp-content/uploads/themeisle-demo-import.xml
[22/Jun/2022:22:00:05] (P): Using WXR_Parser_SimpleXML...
[22/Jun/2022:22:00:05] (S): Parsed XML
[22/Jun/2022:22:00:05] (P): Processing categories...
[22/Jun/2022:22:00:05] (S): Processed categories.
[22/Jun/2022:22:00:05] (P): Processing tags...
[22/Jun/2022:22:00:05] (S): No tags to process.
[22/Jun/2022:22:00:05] (P): Processing terms...
[22/Jun/2022:22:00:05] (S): Processed terms.
[22/Jun/2022:22:00:05] (P): Processing posts...
[22/Jun/2022:22:00:05] (P): Processing attachment: https://s33834.pcdn.co/doctor-gb/wp-content/uploads/sites/550/2020/04/neve-doctor-23.png...
[22/Jun/2022:22:00:05] (P): Fetching attachment from url: https://s33834.pcdn.co/doctor-gb/wp-content/uploads/sites/550/2020/04/neve-doctor-23.png...
[22/Jun/2022:22:00:06] (S): Fetched remote attachment.
[22/Jun/2022:22:00:06] (P): Inserting attachment...
[22/Jun/2022:22:00:06] (S): Attachment inserted
[22/Jun/2022:22:00:06] (S): Processed attachment.
[22/Jun/2022:22:00:06] (P): Processing attachment: https://s33834.pcdn.co/doctor-gb/wp-content/uploads/sites/550/2020/04/neve-doctor-21.png...
[22/Jun/2022:22:00:06] (P): Fetching attachment from url: https://s33834.pcdn.co/doctor-gb/wp-content/uploads/sites/550/2020/04/neve-doctor-21.png...
[22/Jun/2022:22:00:06] (S): Fetched remote attachment.
[22/Jun/2022:22:00:06] (P): Inserting attachment...
[22/Jun/2022:22:00:06] (S): Attachment inserted
[22/Jun/2022:22:00:06] (S): Processed attachment.
[22/Jun/2022:22:00:06] (P): Processing attachment: https://s33834.pcdn.co/doctor-gb/wp-content/uploads/sites/550/2020/04/neve-doctor-09.jpg...
[22/Jun/2022:22:00:06] (P): Fetching attachment from url: https://s33834.pcdn.co/doctor-gb/wp-content/uploads/sites/550/2020/04/neve-doctor-09.jpg...
[22/Jun/2022:22:00:07] (S): Fetched remote attachment.
[22/Jun/2022:22:00:07] (P): Inserting attachment...
[22/Jun/2022:22:00:07] (S): Attachment inserted
[22/Jun/2022:22:00:07] (S): Processed attachment.
[22/Jun/2022:22:00:07] (P): Processing attachment: https://s33834.pcdn.co/doctor-gb/wp-content/uploads/sites/550/2020/04/neve-doctor-08.png...
[22/Jun/2022:22:00:07] (P): Fetching attachment from url: https://s33834.pcdn.co/doctor-gb/wp-content/uploads/sites/550/2020/04/neve-doctor-08.png...
[22/Jun/2022:22:00:07] (S): Fetched remote attachment.
[22/Jun/2022:22:00:07] (P): Inserting attachment...
[22/Jun/2022:22:00:07] (S): Attachment inserted
[22/Jun/2022:22:00:07] (S): Processed attachment.
[22/Jun/2022:22:00:07] (P): Processing attachment: https://s33834.pcdn.co/doctor-gb/wp-content/uploads/sites/550/2020/04/neve-doctor-18.jpg...
[22/Jun/2022:22:00:07] (P): Fetching attachment from url: https://s33834.pcdn.co/doctor-gb/wp-content/uploads/sites/550/2020/04/neve-doctor-18.jpg...
[22/Jun/2022:22:00:08] (S): Fetched remote attachment.
[22/Jun/2022:22:00:08] (P): Inserting attachment...
[22/Jun/2022:22:00:08] (S): Attachment inserted
[22/Jun/2022:22:00:08] (S): Processed attachment.
[22/Jun/2022:22:00:08] (P): Processing attachment: https://s33834.pcdn.co/doctor-gb/wp-content/uploads/sites/550/2020/04/neve-doctor-19.jpg...
[22/Jun/2022:22:00:08] (P): Fetching attachment from url: https://s33834.pcdn.co/doctor-gb/wp-content/uploads/sites/550/2020/04/neve-doctor-19.jpg...
[22/Jun/2022:22:00:08] (S): Fetched remote attachment.
[22/Jun/2022:22:00:08] (P): Inserting attachment...
[22/Jun/2022:22:00:08] (S): Attachment inserted
[22/Jun/2022:22:00:08] (S): Processed attachment.
[22/Jun/2022:22:00:08] (P): Processing attachment: https://s33834.pcdn.co/doctor-gb/wp-content/uploads/sites/550/2020/04/neve-doctor-17.jpg...
[22/Jun/2022:22:00:08] (P): Fetching attachment from url: https://s33834.pcdn.co/doctor-gb/wp-content/uploads/sites/550/2020/04/neve-doctor-17.jpg...
[22/Jun/2022:22:00:09] (S): Fetched remote attachment.
[22/Jun/2022:22:00:09] (P): Inserting attachment...
[22/Jun/2022:22:00:09] (S): Attachment inserted
[22/Jun/2022:22:00:09] (S): Processed attachment.
[22/Jun/2022:22:00:09] (P): Processing attachment: https://s33834.pcdn.co/doctor-gb/wp-content/uploads/sites/550/2020/04/neve-doctor-03.jpg...
[22/Jun/2022:22:00:09] (P): Fetching attachment from url: https://s33834.pcdn.co/doctor-gb/wp-content/uploads/sites/550/2020/04/neve-doctor-03.jpg...
[22/Jun/2022:22:00:09] (S): Fetched remote attachment.
[22/Jun/2022:22:00:09] (P): Inserting attachment...
[22/Jun/2022:22:00:09] (S): Attachment inserted
[22/Jun/2022:22:00:09] (S): Processed attachment.
[22/Jun/2022:22:00:09] (P): Processing attachment: https://s33834.pcdn.co/doctor-gb/wp-content/uploads/sites/550/2020/04/neve-doctor-02.jpg...
[22/Jun/2022:22:00:09] (P): Fetching attachment from url: https://s33834.pcdn.co/doctor-gb/wp-content/uploads/sites/550/2020/04/neve-doctor-02.jpg...
[22/Jun/2022:22:00:09] (S): Fetched remote attachment.
[22/Jun/2022:22:00:09] (P): Inserting attachment...
[22/Jun/2022:22:00:09] (S): Attachment inserted
[22/Jun/2022:22:00:09] (S): Processed attachment.
[22/Jun/2022:22:00:09] (P): Processing attachment: https://s33834.pcdn.co/doctor-gb/wp-content/uploads/sites/550/2020/04/neve-doctor-16.jpg...
[22/Jun/2022:22:00:09] (P): Fetching attachment from url: https://s33834.pcdn.co/doctor-gb/wp-content/uploads/sites/550/2020/04/neve-doctor-16.jpg...
[22/Jun/2022:22:00:10] (S): Fetched remote attachment.
[22/Jun/2022:22:00:10] (P): Inserting attachment...
[22/Jun/2022:22:00:10] (S): Attachment inserted
[22/Jun/2022:22:00:10] (S): Processed attachment.
[22/Jun/2022:22:00:10] (P): Processing attachment: https://s33834.pcdn.co/doctor-gb/wp-content/uploads/sites/550/2020/04/neve-doctor-14.jpg...
[22/Jun/2022:22:00:10] (P): Fetching attachment from url: https://s33834.pcdn.co/doctor-gb/wp-content/uploads/sites/550/2020/04/neve-doctor-14.jpg...
[22/Jun/2022:22:00:10] (S): Fetched remote attachment.
[22/Jun/2022:22:00:10] (P): Inserting attachment...
[22/Jun/2022:22:00:10] (S): Attachment inserted
[22/Jun/2022:22:00:10] (S): Processed attachment.
[22/Jun/2022:22:00:10] (P): Processing attachment: https://s33834.pcdn.co/doctor-gb/wp-content/uploads/sites/550/2020/04/neve-doctor-15.jpg...
[22/Jun/2022:22:00:10] (P): Fetching attachment from url: https://s33834.pcdn.co/doctor-gb/wp-content/uploads/sites/550/2020/04/neve-doctor-15.jpg...
[22/Jun/2022:22:00:11] (S): Fetched remote attachment.
[22/Jun/2022:22:00:11] (P): Inserting attachment...
[22/Jun/2022:22:00:11] (S): Attachment inserted
[22/Jun/2022:22:00:11] (S): Processed attachment.
[22/Jun/2022:22:00:11] (P): Processing attachment: https://s33834.pcdn.co/doctor-gb/wp-content/uploads/sites/550/2020/04/neve-doctor-01.jpg...
[22/Jun/2022:22:00:11] (P): Fetching attachment from url: https://s33834.pcdn.co/doctor-gb/wp-content/uploads/sites/550/2020/04/neve-doctor-01.jpg...
[22/Jun/2022:22:00:11] (S): Fetched remote attachment.
[22/Jun/2022:22:00:11] (P): Inserting attachment...
[22/Jun/2022:22:00:11] (S): Attachment inserted
[22/Jun/2022:22:00:11] (S): Processed attachment.
[22/Jun/2022:22:00:11] (P): Processing attachment: https://s33834.pcdn.co/doctor-gb/wp-content/uploads/sites/550/2020/04/neve-doctor-05.jpg...
[22/Jun/2022:22:00:11] (P): Fetching attachment from url: https://s33834.pcdn.co/doctor-gb/wp-content/uploads/sites/550/2020/04/neve-doctor-05.jpg...
[22/Jun/2022:22:00:11] (S): Fetched remote attachment.
[22/Jun/2022:22:00:11] (P): Inserting attachment...
[22/Jun/2022:22:00:11] (S): Attachment inserted
[22/Jun/2022:22:00:11] (S): Processed attachment.
[22/Jun/2022:22:00:11] (P): Processing attachment: https://s33834.pcdn.co/doctor-gb/wp-content/uploads/sites/550/2020/04/neve-doctor-11.jpg...
[22/Jun/2022:22:00:11] (P): Fetching attachment from url: https://s33834.pcdn.co/doctor-gb/wp-content/uploads/sites/550/2020/04/neve-doctor-11.jpg...
[22/Jun/2022:22:00:12] (S): Fetched remote attachment.
[22/Jun/2022:22:00:12] (P): Inserting attachment...
[22/Jun/2022:22:00:12] (S): Attachment inserted
[22/Jun/2022:22:00:12] (S): Processed attachment.
[22/Jun/2022:22:00:12] (P): Processing attachment: https://s33834.pcdn.co/doctor-gb/wp-content/uploads/sites/550/2020/04/neve-doctor-10.jpg...
[22/Jun/2022:22:00:12] (P): Fetching attachment from url: https://s33834.pcdn.co/doctor-gb/wp-content/uploads/sites/550/2020/04/neve-doctor-10.jpg...
[22/Jun/2022:22:00:12] (S): Fetched remote attachment.
[22/Jun/2022:22:00:12] (P): Inserting attachment...
[22/Jun/2022:22:00:12] (S): Attachment inserted
[22/Jun/2022:22:00:12] (S): Processed attachment.
[22/Jun/2022:22:00:12] (P): Processing attachment: https://s33834.pcdn.co/doctor-gb/wp-content/uploads/sites/550/2020/04/neve-doctor-12.jpg...
[22/Jun/2022:22:00:12] (P): Fetching attachment from url: https://s33834.pcdn.co/doctor-gb/wp-content/uploads/sites/550/2020/04/neve-doctor-12.jpg...
[22/Jun/2022:22:00:13] (S): Fetched remote attachment.
[22/Jun/2022:22:00:13] (P): Inserting attachment...
[22/Jun/2022:22:00:13] (S): Attachment inserted
[22/Jun/2022:22:00:13] (S): Processed attachment.
[22/Jun/2022:22:00:13] (P): Processing attachment: https://s33834.pcdn.co/doctor-gb/wp-content/uploads/sites/550/2020/04/neve-doctor-06.jpg...
[22/Jun/2022:22:00:13] (P): Fetching attachment from url: https://s33834.pcdn.co/doctor-gb/wp-content/uploads/sites/550/2020/04/neve-doctor-06.jpg...
[22/Jun/2022:22:00:13] (S): Fetched remote attachment.
[22/Jun/2022:22:00:13] (P): Inserting attachment...
[22/Jun/2022:22:00:13] (S): Attachment inserted
[22/Jun/2022:22:00:13] (S): Processed attachment.
[22/Jun/2022:22:00:13] (P): Processing attachment: https://s33834.pcdn.co/doctor-gb/wp-content/uploads/sites/550/2020/04/neve-doctor-07.jpg...
[22/Jun/2022:22:00:13] (P): Fetching attachment from url: https://s33834.pcdn.co/doctor-gb/wp-content/uploads/sites/550/2020/04/neve-doctor-07.jpg...
[22/Jun/2022:22:00:13] (S): Fetched remote attachment.
[22/Jun/2022:22:00:13] (P): Inserting attachment...
[22/Jun/2022:22:00:13] (S): Attachment inserted
[22/Jun/2022:22:00:13] (S): Processed attachment.
[22/Jun/2022:22:00:13] (P): Processing attachment: https://s33834.pcdn.co/doctor-gb/wp-content/uploads/sites/550/2020/04/neve-doctor-13.jpg...
[22/Jun/2022:22:00:13] (P): Fetching attachment from url: https://s33834.pcdn.co/doctor-gb/wp-content/uploads/sites/550/2020/04/neve-doctor-13.jpg...
[22/Jun/2022:22:00:14] (S): Fetched remote attachment.
[22/Jun/2022:22:00:14] (P): Inserting attachment...
[22/Jun/2022:22:00:14] (S): Attachment inserted
[22/Jun/2022:22:00:14] (S): Processed attachment.
[22/Jun/2022:22:00:14] (P): Processing attachment: https://s33834.pcdn.co/doctor-gb/wp-content/uploads/sites/550/2020/04/neve-doctor-map.png...
[22/Jun/2022:22:00:14] (P): Fetching attachment from url: https://s33834.pcdn.co/doctor-gb/wp-content/uploads/sites/550/2020/04/neve-doctor-map.png...
[22/Jun/2022:22:00:14] (S): Fetched remote attachment.
[22/Jun/2022:22:00:14] (P): Inserting attachment...
[22/Jun/2022:22:00:14] (S): Attachment inserted
[22/Jun/2022:22:00:14] (S): Processed attachment.
[22/Jun/2022:22:00:14] (P): Processing attachment: https://s33834.pcdn.co/doctor-gb/wp-content/uploads/sites/550/2020/04/neve-doctor-icon.png...
[22/Jun/2022:22:00:14] (P): Fetching attachment from url: https://s33834.pcdn.co/doctor-gb/wp-content/uploads/sites/550/2020/04/neve-doctor-icon.png...
[22/Jun/2022:22:00:15] (S): Fetched remote attachment.
[22/Jun/2022:22:00:15] (P): Inserting attachment...
[22/Jun/2022:22:00:15] (S): Attachment inserted
[22/Jun/2022:22:00:15] (S): Processed attachment.
[22/Jun/2022:22:00:15] (P): Processing single menu item ' '...
[22/Jun/2022:22:00:15] (P): Processing single menu item ' '...
[22/Jun/2022:22:00:15] (P): Processing single menu item ' '...
[22/Jun/2022:22:00:15] (P): Processing single menu item ' '...
[22/Jun/2022:22:00:15] (P): Processing single menu item ' '...
[22/Jun/2022:22:00:15] (P): Processing attachment: https://s33834.pcdn.co/doctor-gb/wp-content/uploads/sites/550/2020/07/Screen-Shot-2020-07-08-at-12.17.37-PM.png...
[22/Jun/2022:22:00:15] (P): Fetching attachment from url: https://s33834.pcdn.co/doctor-gb/wp-content/uploads/sites/550/2020/07/Screen-Shot-2020-07-08-at-12.17.37-PM.png...
[22/Jun/2022:22:00:15] (S): Fetched remote attachment.
[22/Jun/2022:22:00:15] (P): Inserting attachment...
[22/Jun/2022:22:00:15] (S): Attachment inserted
[22/Jun/2022:22:00:15] (S): Processed attachment.
[22/Jun/2022:22:00:15] (P): Processing attachment: https://s33834.pcdn.co/doctor-gb/wp-content/uploads/sites/550/2020/08/2.png...
[22/Jun/2022:22:00:15] (P): Fetching attachment from url: https://s33834.pcdn.co/doctor-gb/wp-content/uploads/sites/550/2020/08/2.png...
[22/Jun/2022:22:00:15] (S): Fetched remote attachment.
[22/Jun/2022:22:00:15] (P): Inserting attachment...
[22/Jun/2022:22:00:15] (S): Attachment inserted
[22/Jun/2022:22:00:15] (S): Processed attachment.
[22/Jun/2022:22:00:15] (P): Processing attachment: https://s33834.pcdn.co/doctor-gb/wp-content/uploads/sites/550/2020/08/1.png...
[22/Jun/2022:22:00:15] (P): Fetching attachment from url: https://s33834.pcdn.co/doctor-gb/wp-content/uploads/sites/550/2020/08/1.png...
[22/Jun/2022:22:00:16] (S): Fetched remote attachment.
[22/Jun/2022:22:00:16] (P): Inserting attachment...
[22/Jun/2022:22:00:16] (S): Attachment inserted
[22/Jun/2022:22:00:16] (S): Processed attachment.
[22/Jun/2022:22:00:16] (P): Processing attachment: https://s33834.pcdn.co/doctor-gb/wp-content/uploads/sites/550/2020/08/blur.png...
[22/Jun/2022:22:00:16] (P): Fetching attachment from url: https://s33834.pcdn.co/doctor-gb/wp-content/uploads/sites/550/2020/08/blur.png...
[22/Jun/2022:22:00:16] (S): Fetched remote attachment.
[22/Jun/2022:22:00:16] (P): Inserting attachment...
[22/Jun/2022:22:00:16] (S): Attachment inserted
[22/Jun/2022:22:00:16] (S): Processed attachment.
[22/Jun/2022:22:00:16] (P): Processing attachment: https://s33834.pcdn.co/doctor-gb/wp-content/uploads/sites/550/2020/08/h.png...
[22/Jun/2022:22:00:16] (P): Fetching attachment from url: https://s33834.pcdn.co/doctor-gb/wp-content/uploads/sites/550/2020/08/h.png...
[22/Jun/2022:22:00:17] (S): Fetched remote attachment.
[22/Jun/2022:22:00:17] (P): Inserting attachment...
[22/Jun/2022:22:00:17] (S): Attachment inserted
[22/Jun/2022:22:00:17] (S): Processed attachment.
[22/Jun/2022:22:00:17] (P): Processing attachment: https://s33834.pcdn.co/doctor-gb/wp-content/uploads/sites/550/2020/08/n.png...
[22/Jun/2022:22:00:17] (P): Fetching attachment from url: https://s33834.pcdn.co/doctor-gb/wp-content/uploads/sites/550/2020/08/n.png...
[22/Jun/2022:22:00:17] (S): Fetched remote attachment.
[22/Jun/2022:22:00:17] (P): Inserting attachment...
[22/Jun/2022:22:00:17] (S): Attachment inserted
[22/Jun/2022:22:00:17] (S): Processed attachment.
[22/Jun/2022:22:00:17] (P): Processing attachment: https://s33834.pcdn.co/doctor-gb/wp-content/uploads/sites/550/2020/08/s.png...
[22/Jun/2022:22:00:17] (P): Fetching attachment from url: https://s33834.pcdn.co/doctor-gb/wp-content/uploads/sites/550/2020/08/s.png...
[22/Jun/2022:22:00:18] (S): Fetched remote attachment.
[22/Jun/2022:22:00:18] (P): Inserting attachment...
[22/Jun/2022:22:00:18] (S): Attachment inserted
[22/Jun/2022:22:00:18] (S): Processed attachment.
[22/Jun/2022:22:00:18] (P): Processing attachment: https://s33834.pcdn.co/doctor-gb/wp-content/uploads/sites/550/2020/08/mm.png...
[22/Jun/2022:22:00:18] (P): Fetching attachment from url: https://s33834.pcdn.co/doctor-gb/wp-content/uploads/sites/550/2020/08/mm.png...
[22/Jun/2022:22:00:18] (S): Fetched remote attachment.
[22/Jun/2022:22:00:18] (P): Inserting attachment...
[22/Jun/2022:22:00:18] (S): Attachment inserted
[22/Jun/2022:22:00:18] (S): Processed attachment.
[22/Jun/2022:22:00:18] (P): Processing attachment: https://s33834.pcdn.co/doctor-gb/wp-content/uploads/sites/550/2020/08/sasa.png...
[22/Jun/2022:22:00:18] (P): Fetching attachment from url: https://s33834.pcdn.co/doctor-gb/wp-content/uploads/sites/550/2020/08/sasa.png...
[22/Jun/2022:22:00:19] (S): Fetched remote attachment.
[22/Jun/2022:22:00:19] (P): Inserting attachment...
[22/Jun/2022:22:00:19] (S): Attachment inserted
[22/Jun/2022:22:00:19] (S): Processed attachment.
[22/Jun/2022:22:00:19] (P): Processing single menu item ' '...
[22/Jun/2022:22:00:19] (P): Processing attachment: https://s33834.pcdn.co/doctor-gb/wp-content/uploads/sites/550/2020/08/contact.png...
[22/Jun/2022:22:00:19] (P): Fetching attachment from url: https://s33834.pcdn.co/doctor-gb/wp-content/uploads/sites/550/2020/08/contact.png...
[22/Jun/2022:22:00:19] (S): Fetched remote attachment.
[22/Jun/2022:22:00:19] (P): Inserting attachment...
[22/Jun/2022:22:00:19] (S): Attachment inserted
[22/Jun/2022:22:00:19] (S): Processed attachment.
[22/Jun/2022:22:00:19] (P): Inserting custom_css: neve .
[22/Jun/2022:22:00:19] (S): Done inserting custom_css: neve .
[22/Jun/2022:22:00:19] (P): Processing attachment: https://s33834.pcdn.co/doctor-gb/wp-content/uploads/sites/550/2020/12/neve-doctor-logo-2.png...
[22/Jun/2022:22:00:19] (P): Fetching attachment from url: https://s33834.pcdn.co/doctor-gb/wp-content/uploads/sites/550/2020/12/neve-doctor-logo-2.png...
[22/Jun/2022:22:00:20] (S): Fetched remote attachment.
[22/Jun/2022:22:00:20] (P): Inserting attachment...
[22/Jun/2022:22:00:20] (S): Attachment inserted
[22/Jun/2022:22:00:20] (S): Processed attachment.
[22/Jun/2022:22:00:20] (P): Inserting post: Benefits of physiotherapy .
[22/Jun/2022:22:00:20] (S): Done inserting post: Benefits of physiotherapy .
[22/Jun/2022:22:00:20] (P): Inserting post: 4 Best Vitamins for Your Skin .
[22/Jun/2022:22:00:20] (S): Done inserting post: 4 Best Vitamins for Your Skin .
[22/Jun/2022:22:00:20] (P): Inserting post: The Importance of Yearly Checkups .
[22/Jun/2022:22:00:20] (S): Done inserting post: The Importance of Yearly Checkups .
[22/Jun/2022:22:00:20] (P): Inserting page: Home .
[22/Jun/2022:22:00:20] (S): Done inserting page: Home .
[22/Jun/2022:22:00:20] (P): Inserting page: Services .
[22/Jun/2022:22:00:20] (S): Done inserting page: Services .
[22/Jun/2022:22:00:20] (P): Inserting page: Service details .
[22/Jun/2022:22:00:20] (S): Done inserting page: Service details .
[22/Jun/2022:22:00:20] (P): Inserting page: About .
[22/Jun/2022:22:00:20] (S): Done inserting page: About .
[22/Jun/2022:22:00:20] (P): Inserting page: Contact .
[22/Jun/2022:22:00:20] (S): Done inserting page: Contact .
[22/Jun/2022:22:00:20] (P): Inserting wp_block: tick .
[22/Jun/2022:22:00:20] (S): Done inserting wp_block: tick .
[22/Jun/2022:22:00:20] (P): Inserting wp_block: Best Equipment .
[22/Jun/2022:22:00:20] (S): Done inserting wp_block: Best Equipment .
[22/Jun/2022:22:00:20] (P): Inserting wp_block: Block 1 .
[22/Jun/2022:22:00:20] (S): Done inserting wp_block: Block 1 .
[22/Jun/2022:22:00:20] (P): Inserting wp_block: a .
[22/Jun/2022:22:00:20] (S): Done inserting wp_block: a .
[22/Jun/2022:22:00:20] (P): Inserting wp_block: contact 3 .
[22/Jun/2022:22:00:20] (S): Done inserting wp_block: contact 3 .
[22/Jun/2022:22:00:20] (P): Inserting wp_block: contact 2 .
[22/Jun/2022:22:00:20] (S): Done inserting wp_block: contact 2 .
[22/Jun/2022:22:00:20] (P): Inserting wp_block: contact .
[22/Jun/2022:22:00:20] (S): Done inserting wp_block: contact .
[22/Jun/2022:22:00:20] (P): Inserting wp_block: about 1 .
[22/Jun/2022:22:00:20] (S): Done inserting wp_block: about 1 .
[22/Jun/2022:22:00:20] (P): Inserting wp_block: about 2 .
[22/Jun/2022:22:00:20] (S): Done inserting wp_block: about 2 .
[22/Jun/2022:22:00:20] (P): Inserting wp_block: about 3 .
[22/Jun/2022:22:00:20] (S): Done inserting wp_block: about 3 .
[22/Jun/2022:22:00:20] (P): Inserting wp_block: about 4 .
[22/Jun/2022:22:00:20] (S): Done inserting wp_block: about 4 .
[22/Jun/2022:22:00:20] (P): Inserting page: Blog .
[22/Jun/2022:22:00:20] (S): Done inserting page: Blog .
[22/Jun/2022:22:00:20] (P): Inserting wp_block: about 6 .
[22/Jun/2022:22:00:20] (S): Done inserting wp_block: about 6 .
[22/Jun/2022:22:00:20] (P): Inserting wp_block: about 7 .
[22/Jun/2022:22:00:20] (S): Done inserting wp_block: about 7 .
[22/Jun/2022:22:00:20] (P): Inserting wp_block: details 1 .
[22/Jun/2022:22:00:20] (S): Done inserting wp_block: details 1 .
[22/Jun/2022:22:00:20] (P): Inserting wp_block: Untitled Reusable Block .
[22/Jun/2022:22:00:20] (S): Done inserting wp_block: Untitled Reusable Block .
[22/Jun/2022:22:00:20] (P): Inserting wp_block: details 2 .
[22/Jun/2022:22:00:20] (S): Done inserting wp_block: details 2 .
[22/Jun/2022:22:00:20] (P): Inserting wp_block: details 3 .
[22/Jun/2022:22:00:20] (S): Done inserting wp_block: details 3 .
[22/Jun/2022:22:00:20] (P): Inserting wp_block: details 4 .
[22/Jun/2022:22:00:20] (S): Done inserting wp_block: details 4 .
[22/Jun/2022:22:00:20] (P): Inserting wp_block: services 1 .
[22/Jun/2022:22:00:20] (S): Done inserting wp_block: services 1 .
[22/Jun/2022:22:00:20] (P): Inserting wp_block: services 2 .
[22/Jun/2022:22:00:20] (S): Done inserting wp_block: services 2 .
[22/Jun/2022:22:00:20] (P): Inserting wp_block: services 3 .
[22/Jun/2022:22:00:20] (S): Done inserting wp_block: services 3 .
[22/Jun/2022:22:00:20] (P): Inserting wp_block: services4 .
[22/Jun/2022:22:00:20] (S): Done inserting wp_block: services4 .
[22/Jun/2022:22:00:20] (P): Inserting wp_block: hero .
[22/Jun/2022:22:00:20] (S): Done inserting wp_block: hero .
[22/Jun/2022:22:00:20] (P): Inserting wp_block: hero 2 .
[22/Jun/2022:22:00:20] (S): Done inserting wp_block: hero 2 .
[22/Jun/2022:22:00:20] (P): Inserting wp_block: 1111111111111111111111111111111111111111111111111111111111 .
[22/Jun/2022:22:00:20] (S): Done inserting wp_block: 1111111111111111111111111111111111111111111111111111111111 .
[22/Jun/2022:22:00:20] (P): Inserting wp_block: xxxxxxxxxxxxxxxxxxxxxxx .
[22/Jun/2022:22:00:20] (S): Done inserting wp_block: xxxxxxxxxxxxxxxxxxxxxxx .
[22/Jun/2022:22:00:20] (P): Inserting wp_block: Location .
[22/Jun/2022:22:00:20] (S): Done inserting wp_block: Location .
[22/Jun/2022:22:00:20] (S): Processed posts.
[22/Jun/2022:22:00:20] (P): Processing single menu item ' '...
[22/Jun/2022:22:00:20] (S): Processed single menu item.
[22/Jun/2022:22:00:20] (P): Processing single menu item ' '...
[22/Jun/2022:22:00:20] (S): Processed single menu item.
[22/Jun/2022:22:00:20] (P): Processing single menu item ' '...
[22/Jun/2022:22:00:20] (S): Processed single menu item.
[22/Jun/2022:22:00:20] (P): Processing single menu item ' '...
[22/Jun/2022:22:00:20] (S): Processed single menu item.
[22/Jun/2022:22:00:20] (P): Processing single menu item ' '...
[22/Jun/2022:22:00:20] (S): Processed single menu item.
[22/Jun/2022:22:00:20] (P): Processing single menu item ' '...
[22/Jun/2022:22:00:20] (S): Processed single menu item.
[22/Jun/2022:22:00:20] (P): Cleaning up import with id ...
[22/Jun/2022:22:00:20] (P): Done cleanup. Flushing cache...
[22/Jun/2022:22:00:20] (P): Flushed cache. Removing temporary data..
[22/Jun/2022:22:00:20] (S): Done importing
[22/Jun/2022:22:00:20] (P): Busting elementor cache
[22/Jun/2022:22:00:20] (S): Front page set up with id: 76.
